<?xml version="1.0" encoding="UTF-8"?>
<testExecutions version="1">
    <file path="/Users/juha/Work/particl/particl-market/test/integration/messageprocessors/BidAndEscrowMessaging.test.ts">
        <testCase name="BidMessageProcessing Should process MarketplaceEvent containing MPA_BID BidMessage" duration="655"/>
    </file>
</testExecutions>