<?xml version="1.0" encoding="UTF-8"?>
<testExecutions version="1">
    <file path="/Users/juha/Work/particl/particl-market/test/integration/TestData.test.ts">
        <testCase name="TestDataService Should create default data if seed=true" duration="528"/>
        <testCase name="TestDataService Should not create default data if seed=false" duration="72"/>
        <testCase name="TestDataService Should create ListingItemTemplate" duration="25528"/>
        <testCase name="TestDataService Should throw error message when passed model is invalid for create" duration="1"/>
        <testCase name="TestDataService Should generate single Profile" duration="145"/>
        <testCase name="TestDataService Should generate single Profile using withRelated=false and return only ids" duration="128"/>
        <testCase name="TestDataService Check generateActionMessages from ListingItem" duration="26616"/>
        <testCase name="TestDataService Should generate three Profiles" duration="658"/>
        <testCase name="TestDataService Should generate ListingItemTemplate using GenerateListingItemTemplateParams" duration="640"/>
        <testCase name="TestDataService Should throw error message when passed model is invalid for generate" duration="1"/>
        <testCase name="TestDataService Should generate Bid using GenerateBidParams, generating a ListingItemTemplate and a ListingItem" duration="93653"/>
        <testCase name="TestDataService Should generate Bid using GenerateBidParams, with a relation to existing ListingItem" duration="13675"/>
        <testCase name="TestDataService Should generate Order using GenerateOrderParams, with a relation to existing ListingItem" duration="64970"/>
        <testCase name="TestDataService Should cleanup all tables" duration="631"/>
    </file>
</testExecutions>