<?xml version="1.0" encoding="UTF-8"?>
<testExecutions version="1">
    <file path="/Users/juha/Work/particl/particl-market/test/black-box/itemlocation/ItemLocationAddCommand.test.ts">
        <testCase name="ItemLocationAddCommand Should not create ItemLocation without country" duration="9"/>
        <testCase name="ItemLocationAddCommand Should create ItemLocation" duration="85"/>
        <testCase name="ItemLocationAddCommand Should create ItemLocation if ItemLocation already exist for listingItemtemplate" duration="37"/>
    </file>
    <file path="/Users/juha/Work/particl/particl-market/test/black-box/itemlocation/ItemLocationUpdateCommand.test.ts">
        <testCase name="ItemLocationUpdateCommand Should update ItemLocation and set null location marker fields" duration="37"/>
        <testCase name="ItemLocationUpdateCommand Should update ItemLocation" duration="48"/>
        <testCase name="ItemLocationUpdateCommand Should fail because we want to update without Country code" duration="7"/>
        <testCase name="ItemLocationUpdateCommand Should fail because we want to update without address not valid" duration="4"/>
        <testCase name="ItemLocationUpdateCommand Should not update ItemLocation because ItemInformation is related with ListingItem" duration="192"/>
    </file>
    <file path="/Users/juha/Work/particl/particl-market/test/black-box/itemlocation/ItemLocationRemoveCommand.test.ts">
        <testCase name="ItemLocationRemoveCommand Should remove ItemLocation" duration="30"/>
        <testCase name="ItemLocationRemoveCommand Should fail to remove ItemLocation because its already removed" duration="26"/>
        <testCase name="ItemLocationRemoveCommand Should not remove ItemLocation because ItemInformation is related with ListingItem" duration="122"/>
        <testCase name="ItemLocationRemoveCommand Should fail to remove ItemLocation if ItemInformation not exist" duration="53"/>
    </file>
</testExecutions>